[0mCompiling "target/cljsbuild/public/js/app.js" from ["src/cljs" "src/cljc" "env/dev/cljs"]...[0m
[32mSuccessfully compiled "target/cljsbuild/public/js/app.js" in 1.027 seconds.[0m
notifying browser that file changed:  target/cljsbuild/public/js/out/goog/deps.js
notifying browser that file changed:  target/cljsbuild/public/js/out/cljs_deps.js
notifying browser that file changed:  target/cljsbuild/public/js/out/todo/core.js
[0mCompiling "target/cljsbuild/public/js/app.js" from ["src/cljs" "src/cljc" "env/dev/cljs"]...[0m
[32mSuccessfully compiled "target/cljsbuild/public/js/app.js" in 0.876 seconds.[0m
notifying browser that file changed:  target/cljsbuild/public/js/out/todo/core.js
[0mCompiling "target/cljsbuild/public/js/app.js" from ["src/cljs" "src/cljc" "env/dev/cljs"]...[0m
[32mSuccessfully compiled "target/cljsbuild/public/js/app.js" in 0.929 seconds.[0m
notifying browser that file changed:  target/cljsbuild/public/js/out/todo/core.js
[0mCompiling "target/cljsbuild/public/js/app.js" from ["src/cljs" "src/cljc" "env/dev/cljs"]...[0m
[32mSuccessfully compiled "target/cljsbuild/public/js/app.js" in 3.928 seconds.[0m
notifying browser that file changed:  target/cljsbuild/public/js/out/goog/deps.js
notifying browser that file changed:  target/cljsbuild/public/js/out/cljs_deps.js
notifying browser that file changed:  target/cljsbuild/public/js/out/todo/core.js
[0mCompiling "target/cljsbuild/public/js/app.js" from ["src/cljs" "src/cljc" "env/dev/cljs"]...[0m
[32mSuccessfully compiled "target/cljsbuild/public/js/app.js" in 1.057 seconds.[0m
notifying browser that file changed:  target/cljsbuild/public/js/out/todo/core.js
[0mCompiling "target/cljsbuild/public/js/app.js" from ["src/cljs" "src/cljc" "env/dev/cljs"]...[0m
[32mSuccessfully compiled "target/cljsbuild/public/js/app.js" in 1.007 seconds.[0m
notifying browser that file changed:  target/cljsbuild/public/js/out/todo/core.js
[0mCompiling "target/cljsbuild/public/js/app.js" from ["src/cljs" "src/cljc" "env/dev/cljs"]...[0m
[32mSuccessfully compiled "target/cljsbuild/public/js/app.js" in 1.046 seconds.[0m
notifying browser that file changed:  target/cljsbuild/public/js/out/todo/core.js
[0mCompiling "target/cljsbuild/public/js/app.js" from ["src/cljs" "src/cljc" "env/dev/cljs"]...[0m
[32mSuccessfully compiled "target/cljsbuild/public/js/app.js" in 1.179 seconds.[0m
notifying browser that file changed:  target/cljsbuild/public/js/out/todo/core.js
[0mCompiling "target/cljsbuild/public/js/app.js" from ["src/cljs" "src/cljc" "env/dev/cljs"]...[0m
[32mSuccessfully compiled "target/cljsbuild/public/js/app.js" in 0.988 seconds.[0m
notifying browser that file changed:  target/cljsbuild/public/js/out/todo/core.js
[0mCompiling "target/cljsbuild/public/js/app.js" from ["src/cljs" "src/cljc" "env/dev/cljs"]...[0m
[32mSuccessfully compiled "target/cljsbuild/public/js/app.js" in 1.019 seconds.[0m
notifying browser that file changed:  target/cljsbuild/public/js/out/todo/core.js
[0mCompiling "target/cljsbuild/public/js/app.js" from ["src/cljs" "src/cljc" "env/dev/cljs"]...[0m
[31mFailed to compile "target/cljsbuild/public/js/app.js" in 0.525 seconds.[0m
[36m----  Could not Analyze  src/cljs/todo/core.cljs   line:67  column:1  ----[0m

  [1mParameter declaration "form" should be a vector[0m

  [36m65[0m  [36m  ))[0m
  [36m66[0m  [36m[0m
  [33m67[0m  [1m(defn add-to_do form)[0m
  [0m  [0m  [33m^--- Parameter declaration "form" should be a vector[0m
  [36m68[0m  [36m[0m
  [36m69[0m  [36m(defn home-page [][0m
  [36m70[0m  [36m  [:div.container[0m

[36m----  Analysis Error : Please see src/cljs/todo/core.cljs  ----[0m
[0mCompiling "target/cljsbuild/public/js/app.js" from ["src/cljs" "src/cljc" "env/dev/cljs"]...[0m
[31mFailed to compile "target/cljsbuild/public/js/app.js" in 0.543 seconds.[0m
[36m----  Could not Analyze  src/cljs/todo/core.cljs   line:67  column:1  ----[0m

  [1mParameter declaration "form" should be a vector[0m

  [36m65[0m  [36m  ))[0m
  [36m66[0m  [36m[0m
  [33m67[0m  [1m(defn add-to_do form[0m
  [0m  [0m  [33m^--- Parameter declaration "form" should be a vector[0m
  [36m68[0m  [36m  (POST "/api/to_do"))[0m
  [36m69[0m  [36m[0m
  [36m70[0m  [36m(defn home-page [][0m

[36m----  Analysis Error : Please see src/cljs/todo/core.cljs  ----[0m
[0mCompiling "target/cljsbuild/public/js/app.js" from ["src/cljs" "src/cljc" "env/dev/cljs"]...[0m
[31mFailed to compile "target/cljsbuild/public/js/app.js" in 0.467 seconds.[0m
[36m----  Could not Analyze  src/cljs/todo/core.cljs   line:67  column:1  ----[0m

  [1mParameter declaration "form" should be a vector[0m

  [36m65[0m  [36m  ))[0m
  [36m66[0m  [36m[0m
  [33m67[0m  [1m(defn add-to_do form[0m
  [0m  [0m  [33m^--- Parameter declaration "form" should be a vector[0m
  [36m68[0m  [36m  (POST "/api/to_do"[0m
  [36m69[0m  [36m    {:params @form[0m
  [36m70[0m  [36m     :handler[0m

[36m----  Analysis Error : Please see src/cljs/todo/core.cljs  ----[0m
[0mCompiling "target/cljsbuild/public/js/app.js" from ["src/cljs" "src/cljc" "env/dev/cljs"]...[0m
[31mFailed to compile "target/cljsbuild/public/js/app.js" in 0.432 seconds.[0m
[36m----  Could not Analyze  src/cljs/todo/core.cljs   line:68  column:1  ----[0m

  [1mParameter declaration "form" should be a vector[0m

  [36m66[0m  [36m  ))[0m
  [36m67[0m  [36m[0m
  [33m68[0m  [1m(defn add-to_do form[0m
  [0m  [0m  [33m^--- Parameter declaration "form" should be a vector[0m
  [36m69[0m  [36m  (POST "/api/to_do"[0m
  [36m70[0m  [36m    {:params @form[0m
  [36m71[0m  [36m     :handler[0m

[36m----  Analysis Error : Please see src/cljs/todo/core.cljs  ----[0m
[0mCompiling "target/cljsbuild/public/js/app.js" from ["src/cljs" "src/cljc" "env/dev/cljs"]...[0m
[36m----  Compiler Warning on   src/cljs/todo/core.cljs   line:66  column:24  ----[0m

  [1mUse of undeclared Var todo.core/add-to_do[0m

  [36m62[0m  [36m                   assoc[0m
  [36m63[0m  [36m                   :description (-> % .-target .-value))[0m
  [36m64[0m  [36m           }][0m
  [36m65[0m  [36m           [:button.btn.btn-primary[0m
  [33m66[0m  [1m           {:onclick #(add-to_do form)}]])[0m
  [0m  [0m  [33m                       ^--- Use of undeclared Var todo.core/add-to_do[0m
  [36m67[0m  [36m  ))[0m
  [36m68[0m  [36m[0m
  [36m69[0m  [36m(defn add-to_do form[0m
  [36m70[0m  [36m  (POST "/api/to_do"[0m
  [36m71[0m  [36m    {:params @form[0m

[36m----  Compiler Warning : Please see src/cljs/todo/core.cljs  ----[0m
[31mFailed to compile "target/cljsbuild/public/js/app.js" in 0.428 seconds.[0m
[36m----  Could not Analyze  src/cljs/todo/core.cljs   line:69  column:1  ----[0m

  [1mParameter declaration "form" should be a vector[0m

  [36m67[0m  [36m  ))[0m
  [36m68[0m  [36m[0m
  [33m69[0m  [1m(defn add-to_do form[0m
  [0m  [0m  [33m^--- Parameter declaration "form" should be a vector[0m
  [36m70[0m  [36m  (POST "/api/to_do"[0m
  [36m71[0m  [36m    {:params @form[0m
  [36m72[0m  [36m     :handler[0m

[36m----  Analysis Error : Please see src/cljs/todo/core.cljs  ----[0m
[0mCompiling "target/cljsbuild/public/js/app.js" from ["src/cljs" "src/cljc" "env/dev/cljs"]...[0m
[36m----  Compiler Warning on   src/cljs/todo/core.cljs   line:66  column:24  ----[0m

  [1mUse of undeclared Var todo.core/add-to_do[0m

  [36m62[0m  [36m                   assoc[0m
  [36m63[0m  [36m                   :description (-> % .-target .-value))[0m
  [36m64[0m  [36m           }][0m
  [36m65[0m  [36m           [:button.btn.btn-primary[0m
  [33m66[0m  [1m           {:onclick #(add-to_do form)}]])[0m
  [0m  [0m  [33m                       ^--- Use of undeclared Var todo.core/add-to_do[0m
  [36m67[0m  [36m  ))[0m
  [36m68[0m  [36m[0m
  [36m69[0m  [36m(defn add-to_do [form][0m
  [36m70[0m  [36m  (POST "/api/to_do"[0m
  [36m71[0m  [36m    {:params @form[0m

[36m----  Compiler Warning : Please see src/cljs/todo/core.cljs  ----[0m
[36m----  Compiler Warning on   src/cljs/todo/core.cljs   line:74  column:16  ----[0m

  [1mUse of undeclared Var todo.core/messages[0m

  [36m70[0m  [36m  (POST "/api/to_do"[0m
  [36m71[0m  [36m    {:params @form[0m
  [36m72[0m  [36m     :handler[0m
  [36m73[0m  [36m     #(do[0m
  [33m74[0m  [1m        (swap! messages conj @form)[0m
  [0m  [0m  [33m               ^--- Use of undeclared Var todo.core/messages[0m
  [36m75[0m  [36m        (reset form {}))}))[0m
  [36m76[0m  [36m[0m
  [36m77[0m  [36m(defn home-page [][0m
  [36m78[0m  [36m  [:div.container[0m
  [36m79[0m  [36m   [:h1 "Welcome to To-Do"][0m

[36m----  Compiler Warning : Please see src/cljs/todo/core.cljs  ----[0m
[36m----  Compiler Warning on   src/cljs/todo/core.cljs   line:75  column:10  ----[0m

  [1mUse of undeclared Var todo.core/reset[0m

  [36m71[0m  [36m    {:params @form[0m
  [36m72[0m  [36m     :handler[0m
  [36m73[0m  [36m     #(do[0m
  [36m74[0m  [36m        (swap! messages conj @form)[0m
  [33m75[0m  [1m        (reset form {}))}))[0m
  [0m  [0m  [33m         ^--- Use of undeclared Var todo.core/reset[0m
  [36m76[0m  [36m[0m
  [36m77[0m  [36m(defn home-page [][0m
  [36m78[0m  [36m  [:div.container[0m
  [36m79[0m  [36m   [:h1 "Welcome to To-Do"][0m
  [36m80[0m  [36m   [:p "Get Started and add some To-Dos"][0m

[36m----  Compiler Warning : Please see src/cljs/todo/core.cljs  ----[0m
[32mSuccessfully compiled "target/cljsbuild/public/js/app.js" in 0.788 seconds.[0m
notifying browser that file changed:  target/cljsbuild/public/js/out/todo/core.js
[0mCompiling "target/cljsbuild/public/js/app.js" from ["src/cljs" "src/cljc" "env/dev/cljs"]...[0m
[36m----  Compiler Warning on   src/cljs/todo/core.cljs   line:57  column:16  ----[0m

  [1mUse of undeclared Var todo.core/messages[0m

  [36m53[0m  [36m  (POST "/api/to_do"[0m
  [36m54[0m  [36m    {:params @form[0m
  [36m55[0m  [36m     :handler[0m
  [36m56[0m  [36m     #(do[0m
  [33m57[0m  [1m        (swap! messages conj @form)[0m
  [0m  [0m  [33m               ^--- Use of undeclared Var todo.core/messages[0m
  [36m58[0m  [36m        (reset form {}))}))[0m
  [36m59[0m  [36m        [0m
  [36m60[0m  [36m(defn to_do-form [][0m
  [36m61[0m  [36m  (let [form (r/atom {})][0m
  [36m62[0m  [36m    (fn [][0m

[36m----  Compiler Warning : Please see src/cljs/todo/core.cljs  ----[0m
[36m----  Compiler Warning on   src/cljs/todo/core.cljs   line:58  column:10  ----[0m

  [1mUse of undeclared Var todo.core/reset[0m

  [36m54[0m  [36m    {:params @form[0m
  [36m55[0m  [36m     :handler[0m
  [36m56[0m  [36m     #(do[0m
  [36m57[0m  [36m        (swap! messages conj @form)[0m
  [33m58[0m  [1m        (reset form {}))}))[0m
  [0m  [0m  [33m         ^--- Use of undeclared Var todo.core/reset[0m
  [36m59[0m  [36m        [0m
  [36m60[0m  [36m(defn to_do-form [][0m
  [36m61[0m  [36m  (let [form (r/atom {})][0m
  [36m62[0m  [36m    (fn [][0m
  [36m63[0m  [36m      [:div.form-group[0m

[36m----  Compiler Warning : Please see src/cljs/todo/core.cljs  ----[0m
[32mSuccessfully compiled "target/cljsbuild/public/js/app.js" in 0.811 seconds.[0m
notifying browser that file changed:  target/cljsbuild/public/js/out/todo/core.js
[0mCompiling "target/cljsbuild/public/js/app.js" from ["src/cljs" "src/cljc" "env/dev/cljs"]...[0m
[36m----  Compiler Warning on   src/cljs/todo/core.cljs   line:58  column:10  ----[0m

  [1mUse of undeclared Var todo.core/reset[0m

  [36m54[0m  [36m    {:params @form[0m
  [36m55[0m  [36m     :handler[0m
  [36m56[0m  [36m     #(do[0m
  [36m57[0m  [36m        (swap! to_dos conj @form)[0m
  [33m58[0m  [1m        (reset form {}))}))[0m
  [0m  [0m  [33m         ^--- Use of undeclared Var todo.core/reset[0m
  [36m59[0m  [36m[0m
  [36m60[0m  [36m(defn to_do-form [][0m
  [36m61[0m  [36m  (let [form (r/atom {})][0m
  [36m62[0m  [36m    (fn [][0m
  [36m63[0m  [36m      [:div.form-group[0m

[36m----  Compiler Warning : Please see src/cljs/todo/core.cljs  ----[0m
[32mSuccessfully compiled "target/cljsbuild/public/js/app.js" in 0.9 seconds.[0m
notifying browser that file changed:  target/cljsbuild/public/js/out/todo/core.js
[0mCompiling "target/cljsbuild/public/js/app.js" from ["src/cljs" "src/cljc" "env/dev/cljs"]...[0m
[32mSuccessfully compiled "target/cljsbuild/public/js/app.js" in 0.784 seconds.[0m
notifying browser that file changed:  target/cljsbuild/public/js/out/todo/core.js
[0mCompiling "target/cljsbuild/public/js/app.js" from ["src/cljs" "src/cljc" "env/dev/cljs"]...[0m
[32mSuccessfully compiled "target/cljsbuild/public/js/app.js" in 0.789 seconds.[0m
notifying browser that file changed:  target/cljsbuild/public/js/out/todo/core.js
[0mCompiling "target/cljsbuild/public/js/app.js" from ["src/cljs" "src/cljc" "env/dev/cljs"]...[0m
[32mSuccessfully compiled "target/cljsbuild/public/js/app.js" in 4.599 seconds.[0m
notifying browser that file changed:  target/cljsbuild/public/js/out/goog/deps.js
notifying browser that file changed:  target/cljsbuild/public/js/out/cljs_deps.js
notifying browser that file changed:  target/cljsbuild/public/js/out/todo/core.js
[0mCompiling "target/cljsbuild/public/js/app.js" from ["src/cljs" "src/cljc" "env/dev/cljs"]...[0m
[32mSuccessfully compiled "target/cljsbuild/public/js/app.js" in 1.265 seconds.[0m
notifying browser that file changed:  target/cljsbuild/public/js/out/todo/core.js
[0mCompiling "target/cljsbuild/public/js/app.js" from ["src/cljs" "src/cljc" "env/dev/cljs"]...[0m
[36m----  Compiler Warning on   src/cljs/todo/core.cljs   line:57  column:16  ----[0m

  [1mUse of undeclared Var todo.core/to_do[0m

  [36m53[0m  [36m  (POST "/api/to_do"[0m
  [36m54[0m  [36m    {:params @form[0m
  [36m55[0m  [36m     :handler[0m
  [36m56[0m  [36m     #(do[0m
  [33m57[0m  [1m        (swap! to_do conj @form)[0m
  [0m  [0m  [33m               ^--- Use of undeclared Var todo.core/to_do[0m
  [36m58[0m  [36m        (reset! form {}))}))[0m
  [36m59[0m  [36m[0m
  [36m60[0m  [36m(defn to_do-form [][0m
  [36m61[0m  [36m  (let [form (r/atom {})][0m
  [36m62[0m  [36m    (fn [][0m

[36m----  Compiler Warning : Please see src/cljs/todo/core.cljs  ----[0m
[32mSuccessfully compiled "target/cljsbuild/public/js/app.js" in 1.14 seconds.[0m
notifying browser that file changed:  target/cljsbuild/public/js/out/todo/core.js
[0mCompiling "target/cljsbuild/public/js/app.js" from ["src/cljs" "src/cljc" "env/dev/cljs"]...[0m
[32mSuccessfully compiled "target/cljsbuild/public/js/app.js" in 0.923 seconds.[0m
notifying browser that file changed:  target/cljsbuild/public/js/out/todo/core.js
[0mCompiling "target/cljsbuild/public/js/app.js" from ["src/cljs" "src/cljc" "env/dev/cljs"]...[0m
[32mSuccessfully compiled "target/cljsbuild/public/js/app.js" in 1.152 seconds.[0m
notifying browser that file changed:  target/cljsbuild/public/js/out/todo/core.js
[0mCompiling "target/cljsbuild/public/js/app.js" from ["src/cljs" "src/cljc" "env/dev/cljs"]...[0m
[32mSuccessfully compiled "target/cljsbuild/public/js/app.js" in 1.048 seconds.[0m
notifying browser that file changed:  target/cljsbuild/public/js/out/todo/core.js
[0mCompiling "target/cljsbuild/public/js/app.js" from ["src/cljs" "src/cljc" "env/dev/cljs"]...[0m
[32mSuccessfully compiled "target/cljsbuild/public/js/app.js" in 1.065 seconds.[0m
notifying browser that file changed:  target/cljsbuild/public/js/out/todo/core.js
[0mCompiling "target/cljsbuild/public/js/app.js" from ["src/cljs" "src/cljc" "env/dev/cljs"]...[0m
[32mSuccessfully compiled "target/cljsbuild/public/js/app.js" in 1.05 seconds.[0m
notifying browser that file changed:  target/cljsbuild/public/js/out/todo/core.js
[0mCompiling "target/cljsbuild/public/js/app.js" from ["src/cljs" "src/cljc" "env/dev/cljs"]...[0m
[32mSuccessfully compiled "target/cljsbuild/public/js/app.js" in 4.176 seconds.[0m
notifying browser that file changed:  target/cljsbuild/public/js/out/goog/deps.js
notifying browser that file changed:  target/cljsbuild/public/js/out/cljs_deps.js
notifying browser that file changed:  target/cljsbuild/public/js/out/todo/core.js
[0mCompiling "target/cljsbuild/public/js/app.js" from ["src/cljs" "src/cljc" "env/dev/cljs"]...[0m
[31mFailed to compile "target/cljsbuild/public/js/app.js" in 0.561 seconds.[0m
[36m----  Could not Analyze  src/cljs/todo/core.cljs   line:48  column:5  ----[0m

  [1mWrong number of args (3) passed to: core/for[0m

  [36m46[0m  [36m(defn to_do-list [to_dos][0m
  [36m47[0m  [36m  [:ul[0m
  [33m48[0m  [1m    (for [idx to_do] (map-indexed vector to_dos)[0m
  [0m  [0m  [33m    ^--- Wrong number of args (3) passed to: core/for[0m
  [36m49[0m  [36m      [to_do-item to_do])][0m
  [36m50[0m  [36m)[0m

[36m----  Analysis Error : Please see src/cljs/todo/core.cljs  ----[0m
[0mCompiling "target/cljsbuild/public/js/app.js" from ["src/cljs" "src/cljc" "env/dev/cljs"]...[0m
[31mFailed to compile "target/cljsbuild/public/js/app.js" in 0.552 seconds.[0m
[36m----  Could not Analyze  src/cljs/todo/core.cljs   line:48  column:5  ----[0m

  [1mWrong number of args (3) passed to: core/for[0m

  [36m46[0m  [36m(defn to_do-list [to_dos][0m
  [36m47[0m  [36m  [:ul[0m
  [33m48[0m  [1m    (for [idx to_do] (map-indexed vector to_dos)[0m
  [0m  [0m  [33m    ^--- Wrong number of args (3) passed to: core/for[0m
  [36m49[0m  [36m      ^{:key idx}[0m
  [36m50[0m  [36m      [to_do-item to_do])][0m
  [36m51[0m  [36m)[0m

[36m----  Analysis Error : Please see src/cljs/todo/core.cljs  ----[0m
[0mCompiling "target/cljsbuild/public/js/app.js" from ["src/cljs" "src/cljc" "env/dev/cljs"]...[0m
[31mFailed to compile "target/cljsbuild/public/js/app.js" in 0.435 seconds.[0m
[36m----  Could not Analyze  src/cljs/todo/core.cljs   line:48  column:5  ----[0m

  [1mWrong number of args (3) passed to: core/for[0m

  [36m46[0m  [36m(defn to_do-list [to_dos][0m
  [36m47[0m  [36m  [:ul[0m
  [33m48[0m  [1m    (for [idx to_do] (map-indexed vector to_dos)[0m
  [0m  [0m  [33m    ^--- Wrong number of args (3) passed to: core/for[0m
  [36m49[0m  [36m      ^{:key idx}[0m
  [36m50[0m  [36m      [to_do-item to_do])][0m
  [36m51[0m  [36m)[0m

[36m----  Analysis Error : Please see src/cljs/todo/core.cljs  ----[0m
[0mCompiling "target/cljsbuild/public/js/app.js" from ["src/cljs" "src/cljc" "env/dev/cljs"]...[0m
[32mSuccessfully compiled "target/cljsbuild/public/js/app.js" in 1.155 seconds.[0m
notifying browser that file changed:  target/cljsbuild/public/js/out/todo/core.js
[0mCompiling "target/cljsbuild/public/js/app.js" from ["src/cljs" "src/cljc" "env/dev/cljs"]...[0m
[32mSuccessfully compiled "target/cljsbuild/public/js/app.js" in 1.21 seconds.[0m
notifying browser that file changed:  target/cljsbuild/public/js/out/todo/core.js
